[1.121s] Invoking command in '/home/robu/work/robu_gralen19_ws/src/robu': PYTHONPATH=/home/robu/work/robu_gralen19_ws/build/robu/prefix_override:/home/robu/work/robu_gralen19_ws/install/robu/lib/python3.10/site-packages:${PYTHONPATH} /usr/bin/python3 setup.py egg_info --egg-base ../../build/robu build --build-base /home/robu/work/robu_gralen19_ws/build/robu/build install --record /home/robu/work/robu_gralen19_ws/build/robu/install.log --single-version-externally-managed
[1.507s] running egg_info
[1.508s] creating ../../build/robu/robu.egg-info
[1.509s] writing ../../build/robu/robu.egg-info/PKG-INFO
[1.509s] writing dependency_links to ../../build/robu/robu.egg-info/dependency_links.txt
[1.510s] writing entry points to ../../build/robu/robu.egg-info/entry_points.txt
[1.510s] writing requirements to ../../build/robu/robu.egg-info/requires.txt
[1.510s] writing top-level names to ../../build/robu/robu.egg-info/top_level.txt
[1.511s] writing manifest file '../../build/robu/robu.egg-info/SOURCES.txt'
[1.514s] reading manifest file '../../build/robu/robu.egg-info/SOURCES.txt'
[1.514s] writing manifest file '../../build/robu/robu.egg-info/SOURCES.txt'
[1.515s] running build
[1.515s] running build_py
[1.515s] creating /home/robu/work/robu_gralen19_ws/build/robu/build
[1.515s] creating /home/robu/work/robu_gralen19_ws/build/robu/build/lib
[1.516s] creating /home/robu/work/robu_gralen19_ws/build/robu/build/lib/robu
[1.516s] copying robu/ex10_wallfollower.py -> /home/robu/work/robu_gralen19_ws/build/robu/build/lib/robu
[1.516s] copying robu/__init__.py -> /home/robu/work/robu_gralen19_ws/build/robu/build/lib/robu
[1.517s] running install
[1.517s] running install_lib
[1.525s] creating /home/robu/work/robu_gralen19_ws/install/robu/lib/python3.10/site-packages/robu
[1.525s] copying /home/robu/work/robu_gralen19_ws/build/robu/build/lib/robu/ex10_wallfollower.py -> /home/robu/work/robu_gralen19_ws/install/robu/lib/python3.10/site-packages/robu
[1.525s] copying /home/robu/work/robu_gralen19_ws/build/robu/build/lib/robu/__init__.py -> /home/robu/work/robu_gralen19_ws/install/robu/lib/python3.10/site-packages/robu
[1.525s] byte-compiling /home/robu/work/robu_gralen19_ws/install/robu/lib/python3.10/site-packages/robu/ex10_wallfollower.py to ex10_wallfollower.cpython-310.pyc
[1.525s] byte-compiling /home/robu/work/robu_gralen19_ws/install/robu/lib/python3.10/site-packages/robu/__init__.py to __init__.cpython-310.pyc
[1.525s] running install_data
[1.525s] creating /home/robu/work/robu_gralen19_ws/install/robu/share/ament_index
[1.526s] creating /home/robu/work/robu_gralen19_ws/install/robu/share/ament_index/resource_index
[1.526s] creating /home/robu/work/robu_gralen19_ws/install/robu/share/ament_index/resource_index/packages
[1.526s] copying resource/robu -> /home/robu/work/robu_gralen19_ws/install/robu/share/ament_index/resource_index/packages
[1.526s] copying package.xml -> /home/robu/work/robu_gralen19_ws/install/robu/share/robu
[1.526s] running install_egg_info
[1.526s] Copying ../../build/robu/robu.egg-info to /home/robu/work/robu_gralen19_ws/install/robu/lib/python3.10/site-packages/robu-0.0.0-py3.10.egg-info
[1.526s] running install_scripts
[1.552s] Installing ex10_wallfollower script to /home/robu/work/robu_gralen19_ws/install/robu/lib/robu
[1.552s] writing list of installed files to '/home/robu/work/robu_gralen19_ws/build/robu/install.log'
[1.603s] Invoked command in '/home/robu/work/robu_gralen19_ws/src/robu' returned '0': PYTHONPATH=/home/robu/work/robu_gralen19_ws/build/robu/prefix_override:/home/robu/work/robu_gralen19_ws/install/robu/lib/python3.10/site-packages:${PYTHONPATH} /usr/bin/python3 setup.py egg_info --egg-base ../../build/robu build --build-base /home/robu/work/robu_gralen19_ws/build/robu/build install --record /home/robu/work/robu_gralen19_ws/build/robu/install.log --single-version-externally-managed
